<?xml version="1.0" encoding="UTF-8"?>
<testng-results skipped="0" failed="1" total="1" passed="0">
  <reporter-output>
  </reporter-output>
  <suite name="Sundaykart POM Automation Suite" duration-ms="52588" started-at="2016-10-03T04:31:29Z" finished-at="2016-10-03T04:32:22Z">
    <groups>
    </groups>
    <test name="Sundaykart Test" duration-ms="52588" started-at="2016-10-03T04:31:29Z" finished-at="2016-10-03T04:32:22Z">
      <class name="com.alt.sundaykart.automation.testcases.HomePageTestCases">
        <test-method status="PASS" signature="globalSetUP()[pri:0, instance:com.alt.sundaykart.automation.testcases.HomePageTestCases@d2cc05a]" name="globalSetUP" is-config="true" duration-ms="27985" started-at="2016-10-03T10:01:29Z" finished-at="2016-10-03T10:01:57Z">
          <reporter-output>
          </reporter-output>
        </test-method> <!-- globalSetUP -->
        <test-method status="PASS" signature="setUP()[pri:0, instance:com.alt.sundaykart.automation.testcases.HomePageTestCases@d2cc05a]" name="setUP" is-config="true" duration-ms="14" started-at="2016-10-03T10:01:57Z" finished-at="2016-10-03T10:01:57Z">
          <reporter-output>
          </reporter-output>
        </test-method> <!-- setUP -->
        <test-method status="FAIL" signature="loginToSundaykart()[pri:0, instance:com.alt.sundaykart.automation.testcases.HomePageTestCases@d2cc05a]" name="loginToSundaykart" duration-ms="20644" started-at="2016-10-03T10:01:57Z" finished-at="2016-10-03T10:02:18Z">
          <exception class="java.lang.AssertionError">
            <message>
              <![CDATA[org.openqa.selenium.NoSuchElementException: Unable to locate element: #results (WARNING: The server did not provide any stacktrace information)
Command duration or timeout: 10.12 seconds
For documentation on this error, please visit: http://seleniumhq.org/exceptions/no_such_element.html
Build info: version: 'unknown', revision: 'c7b525d', time: '2016-09-01 14:57:44 -0700'
System info: host: 'Ashok-PC', ip: '192.168.0.10', os.name: 'Windows 10', os.arch: 'amd64', os.version: '10.0', java.version: '1.8.0_101'
Driver info: org.openqa.selenium.firefox.FirefoxDriver
Capabilities [{rotatable=false, raisesAccessibilityExceptions=false, appBuildId=20160823121617, version=, platform=XP, proxy={}, command_id=1, specificationLevel=0, acceptSslCerts=false, browserVersion=48.0.2, platformVersion=10.0, XULappId={ec8030f7-c20a-464f-9b0e-13a3a9e97384}, browserName=Firefox, takesScreenshot=true, takesElementScreenshot=true, platformName=Windows_NT, device=desktop}]
Session ID: 353657a5-9201-4e8f-9080-429090f66831
*** Element info: {Using=id, value=results}]]>
            </message>
            <full-stacktrace>
              <![CDATA[java.lang.AssertionError: org.openqa.selenium.NoSuchElementException: Unable to locate element: #results (WARNING: The server did not provide any stacktrace information)
Command duration or timeout: 10.12 seconds
For documentation on this error, please visit: http://seleniumhq.org/exceptions/no_such_element.html
Build info: version: 'unknown', revision: 'c7b525d', time: '2016-09-01 14:57:44 -0700'
System info: host: 'Ashok-PC', ip: '192.168.0.10', os.name: 'Windows 10', os.arch: 'amd64', os.version: '10.0', java.version: '1.8.0_101'
Driver info: org.openqa.selenium.firefox.FirefoxDriver
Capabilities [{rotatable=false, raisesAccessibilityExceptions=false, appBuildId=20160823121617, version=, platform=XP, proxy={}, command_id=1, specificationLevel=0, acceptSslCerts=false, browserVersion=48.0.2, platformVersion=10.0, XULappId={ec8030f7-c20a-464f-9b0e-13a3a9e97384}, browserName=Firefox, takesScreenshot=true, takesElementScreenshot=true, platformName=Windows_NT, device=desktop}]
Session ID: 353657a5-9201-4e8f-9080-429090f66831
*** Element info: {Using=id, value=results}
	at org.testng.Assert.fail(Assert.java:94)
	at com.alt.sundaykart.automation.testcases.HomePageTestCases.loginToSundaykart(HomePageTestCases.java:42)
	at sun.reflect.NativeMethodAccessorImpl.invoke0(Native Method)
	at sun.reflect.NativeMethodAccessorImpl.invoke(Unknown Source)
	at sun.reflect.DelegatingMethodAccessorImpl.invoke(Unknown Source)
	at java.lang.reflect.Method.invoke(Unknown Source)
	at org.testng.internal.MethodInvocationHelper.invokeMethod(MethodInvocationHelper.java:80)
	at org.testng.internal.Invoker.invokeMethod(Invoker.java:714)
	at org.testng.internal.Invoker.invokeTestMethod(Invoker.java:901)
	at org.testng.internal.Invoker.invokeTestMethods(Invoker.java:1231)
	at org.testng.internal.TestMethodWorker.invokeTestMethods(TestMethodWorker.java:127)
	at org.testng.internal.TestMethodWorker.run(TestMethodWorker.java:111)
	at org.testng.TestRunner.privateRun(TestRunner.java:767)
	at org.testng.TestRunner.run(TestRunner.java:617)
	at org.testng.SuiteRunner.runTest(SuiteRunner.java:334)
	at org.testng.SuiteRunner.runSequentially(SuiteRunner.java:329)
	at org.testng.SuiteRunner.privateRun(SuiteRunner.java:291)
	at org.testng.SuiteRunner.run(SuiteRunner.java:240)
	at org.testng.SuiteRunnerWorker.runSuite(SuiteRunnerWorker.java:52)
	at org.testng.SuiteRunnerWorker.run(SuiteRunnerWorker.java:86)
	at org.testng.TestNG.runSuitesSequentially(TestNG.java:1198)
	at org.testng.TestNG.runSuitesLocally(TestNG.java:1123)
	at org.testng.TestNG.run(TestNG.java:1031)
	at org.testng.remote.AbstractRemoteTestNG.run(AbstractRemoteTestNG.java:126)
	at org.testng.remote.RemoteTestNG.initAndRun(RemoteTestNG.java:152)
	at org.testng.remote.RemoteTestNG.main(RemoteTestNG.java:57)
]]>
            </full-stacktrace>
          </exception> <!-- java.lang.AssertionError -->
          <reporter-output>
          </reporter-output>
        </test-method> <!-- loginToSundaykart -->
        <test-method status="PASS" signature="afterTestCompletes(org.testng.ITestResult)[pri:0, instance:com.alt.sundaykart.automation.testcases.HomePageTestCases@d2cc05a]" name="afterTestCompletes" is-config="true" duration-ms="19" started-at="2016-10-03T10:02:20Z" finished-at="2016-10-03T10:02:20Z">
          <params>
            <param index="0">
              <value>
                <![CDATA[[TestResult name=loginToSundaykart status=FAILURE method=HomePageTestCases.loginToSundaykart()[pri:0, instance:com.alt.sundaykart.automation.testcases.HomePageTestCases@d2cc05a] output={null}]]]>
              </value>
            </param>
          </params>
          <reporter-output>
          </reporter-output>
        </test-method> <!-- afterTestCompletes -->
        <test-method status="PASS" signature="closeBrowser()[pri:0, instance:com.alt.sundaykart.automation.testcases.HomePageTestCases@d2cc05a]" name="closeBrowser" is-config="true" duration-ms="1854" started-at="2016-10-03T10:02:20Z" finished-at="2016-10-03T10:02:22Z">
          <reporter-output>
          </reporter-output>
        </test-method> <!-- closeBrowser -->
      </class> <!-- com.alt.sundaykart.automation.testcases.HomePageTestCases -->
    </test> <!-- Sundaykart Test -->
  </suite> <!-- Sundaykart POM Automation Suite -->
</testng-results>
